=== Mini2 Client ===
Gateway: localhost:50050
Mode: strategy-b-getnext
Dataset: /Users/spartan/Desktop/CMPE275/mini_2/test_data/data_10m.csv


========================================
Testing Strategy B: GetNext (Sequential)
========================================

Step 1: Starting session...
Session started: session-1762983807318-1056
  Session creation time: 3 ms

Step 2: Retrieving chunks sequentially...
  ✓ Chunk 0: 408627646 bytes (latency: 10477 ms) (has_more: yes)
  ✓ Chunk 1: 408654062 bytes (latency: 500 ms) (has_more: yes)
  ✓ Chunk 2: 408603830 bytes (latency: 463 ms) (has_more: no)

========================================
Strategy B (GetNext) Results:
========================================
Total chunks: 3
Total bytes: 1225885538
Time to first chunk: 10480 ms  
Total time: 11455 ms
RPC calls made: 4 (1 StartRequest + 3 GetNext)
========================================

