=== Mini2 Client ===
Gateway: localhost:50050
Mode: strategy-b-getnext
Dataset: /Users/spartan/Desktop/CMPE275/mini_2/test_data/data_1m.csv


========================================
Testing Strategy B: GetNext (Sequential)
========================================

Step 1: Starting session...
Session started: session-1762983763996-6024
  Session creation time: 2 ms

Step 2: Retrieving chunks sequentially...
No more chunks available

========================================
Strategy B (GetNext) Results:
========================================
Total chunks: 0
Total bytes: 0
Time to first chunk: 714 ms ⚡
Total time: 714 ms
RPC calls made: 1 (1 StartRequest + 0 GetNext)
========================================

