=== Mini2 Client ===
Gateway: localhost:50050
Mode: request
Dataset: /Users/spartan/Desktop/CMPE275/mini_2/test_data/data_100k.csv

Testing RequestOnce (Phase 2):

=== Test 1: Green Team Only ===
Request ID: test-green-001
  Total Rows: 1000
  Total Bytes: 50000
  Chunks: 0
  Latency: 1327 ms

=== Test 2: Pink Team Only ===
Request ID: test-pink-001
  Total Rows: 1000
  Total Bytes: 50000
  Chunks: 0
  Latency: 505 ms

=== Test 3: Both Teams ===
Request ID: test-both-001
  Total Rows: 1000
  Total Bytes: 50000
  Chunks: 0
  Latency: 710 ms
