=== Mini2 Client ===
Gateway: localhost:50050
Mode: strategy-b-getnext
Dataset: /Users/spartan/Desktop/CMPE275/mini_2/test_data/data_10k.csv


========================================
Testing Strategy B: GetNext (Sequential)
========================================

Step 1: Starting session...
Session started: session-1762983747075-7781
  Session creation time: 1 ms

Step 2: Retrieving chunks sequentially...
  ✓ Chunk 0: 4123936 bytes (latency: 730 ms) (has_more: yes)
No more chunks available

========================================
Strategy B (GetNext) Results:
========================================
Total chunks: 1
Total bytes: 4123936
Time to first chunk: 731 ms  
Total time: 732 ms
RPC calls made: 2 (1 StartRequest + 1 GetNext)
========================================

