=== Mini2 Client ===
Gateway: localhost:50050
Mode: request
Dataset: /Users/spartan/Desktop/CMPE275/mini_2/test_data/data_1k.csv

Testing RequestOnce (Phase 2):

=== Test 1: Green Team Only ===
Request ID: test-green-001
  Total Rows: 3333
  Total Bytes: 412232
  Chunks: 1
  Latency: 1631 ms

=== Test 2: Pink Team Only ===
Request ID: test-pink-001
  Total Rows: 10002
  Total Bytes: 1237475
  Chunks: 2
  Latency: 1313 ms

=== Test 3: Both Teams ===
Request ID: test-both-001
  Total Rows: 6667
  Total Bytes: 824429
  Chunks: 2
  Latency: 928 ms
